actionid: py27
msg: getenv
cmdargs: ['/home/user/learning/Python/linuxacademy/code/pgbackup/.tox/py27/bin/pip', 'install', 'pytest', 'pytest-mock']

Collecting pytest
  Using cached pytest-3.4.0-py2.py3-none-any.whl
Collecting pytest-mock
  Using cached pytest_mock-1.6.3-py2.py3-none-any.whl
Collecting py>=1.5.0 (from pytest)
  Using cached py-1.5.2-py2.py3-none-any.whl
Collecting six>=1.10.0 (from pytest)
  Using cached six-1.11.0-py2.py3-none-any.whl
Collecting pluggy<0.7,>=0.5 (from pytest)
Requirement already satisfied: setuptools in ./.tox/py27/lib/python2.7/site-packages (from pytest)
Collecting funcsigs; python_version < "3.0" (from pytest)
  Using cached funcsigs-1.0.2-py2.py3-none-any.whl
Collecting attrs>=17.2.0 (from pytest)
  Using cached attrs-17.4.0-py2.py3-none-any.whl
Collecting mock; python_version == "2.6" or python_version == "2.7" (from pytest-mock)
  Using cached mock-2.0.0-py2.py3-none-any.whl
Collecting pbr>=0.11 (from mock; python_version == "2.6" or python_version == "2.7"->pytest-mock)
  Using cached pbr-3.1.1-py2.py3-none-any.whl
Installing collected packages: py, six, pluggy, funcsigs, attrs, pytest, pbr, mock, pytest-mock
Successfully installed attrs-17.4.0 funcsigs-1.0.2 mock-2.0.0 pbr-3.1.1 pluggy-0.6.0 py-1.5.2 pytest-3.4.0 pytest-mock-1.6.3 six-1.11.0
