actionid: py27
msg: installpkg
cmdargs: ['/home/user/learning/Python/linuxacademy/code/pgbackup/.tox/py27/bin/pip', 'install', '/home/user/learning/Python/linuxacademy/code/pgbackup/.tox/dist/pgbackup-0.1.0.zip']

Processing ./.tox/dist/pgbackup-0.1.0.zip
Collecting boto3 (from pgbackup==0.1.0)
  Using cached boto3-1.5.22-py2.py3-none-any.whl
Collecting s3transfer<0.2.0,>=0.1.10 (from boto3->pgbackup==0.1.0)
  Using cached s3transfer-0.1.12-py2.py3-none-any.whl
Collecting botocore<1.9.0,>=1.8.36 (from boto3->pgbackup==0.1.0)
  Using cached botocore-1.8.36-py2.py3-none-any.whl
Collecting jmespath<1.0.0,>=0.7.1 (from boto3->pgbackup==0.1.0)
  Using cached jmespath-0.9.3-py2.py3-none-any.whl
Collecting futures<4.0.0,>=2.2.0; python_version == "2.6" or python_version == "2.7" (from s3transfer<0.2.0,>=0.1.10->boto3->pgbackup==0.1.0)
  Using cached futures-3.2.0-py2-none-any.whl
Collecting docutils>=0.10 (from botocore<1.9.0,>=1.8.36->boto3->pgbackup==0.1.0)
  Using cached docutils-0.14-py2-none-any.whl
Collecting python-dateutil<3.0.0,>=2.1 (from botocore<1.9.0,>=1.8.36->boto3->pgbackup==0.1.0)
  Using cached python_dateutil-2.6.1-py2.py3-none-any.whl
Requirement already satisfied: six>=1.5 in ./.tox/py27/lib/python2.7/site-packages (from python-dateutil<3.0.0,>=2.1->botocore<1.9.0,>=1.8.36->boto3->pgbackup==0.1.0)
Building wheels for collected packages: pgbackup
  Running setup.py bdist_wheel for pgbackup: started
  Running setup.py bdist_wheel for pgbackup: finished with status 'done'
  Stored in directory: /home/user/.cache/pip/wheels/f1/d6/75/5112c27eb16110efe05b14d548012a74d9d2679f7312dfb2e0
Successfully built pgbackup
Installing collected packages: futures, docutils, jmespath, python-dateutil, botocore, s3transfer, boto3, pgbackup
Successfully installed boto3-1.5.22 botocore-1.8.36 docutils-0.14 futures-3.2.0 jmespath-0.9.3 pgbackup-0.1.0 python-dateutil-2.6.1 s3transfer-0.1.12
